<?xml version="1.0" encoding="UTF-8"?>
<testng-results ignored="0" total="1" passed="0" failed="1" skipped="0">
  <reporter-output>
  </reporter-output>
  <suite started-at="2019-07-01T03:02:58Z" name="Default suite" finished-at="2019-07-01T03:02:58Z" duration-ms="94">
    <groups>
    </groups>
    <test started-at="2019-07-01T03:02:58Z" name="Default test" finished-at="2019-07-01T03:02:58Z" duration-ms="94">
      <class name="com.nttd.automation.bdd.common.TestRunner">
        <test-method is-config="true" signature="setUpClass()[pri:0, instance:com.nttd.automation.bdd.common.TestRunner@4387b79e]" started-at="2019-07-01T03:02:58Z" name="setUpClass" finished-at="2019-07-01T03:02:58Z" duration-ms="21" status="PASS">
          <reporter-output>
          </reporter-output>
        </test-method> <!-- setUpClass -->
        <test-method signature="withoutInjection(cucumber.api.testng.CucumberFeatureWrapper)[pri:0, instance:com.nttd.automation.bdd.common.TestRunner@4387b79e]" started-at="2019-07-01T03:02:58Z" name="withoutInjection" data-provider="provider" finished-at="2019-07-01T03:02:58Z" duration-ms="0" status="FAIL">
          <exception class="org.testng.TestNGException">
            <message>
              <![CDATA[
Data Provider public java.lang.Object[][] com.nttd.automation.bdd.common.TestRunner.provider() throws java.lang.Exception returned a null value]]>
            </message>
            <full-stacktrace>
              <![CDATA[org.testng.TestNGException: 
Data Provider public java.lang.Object[][] com.nttd.automation.bdd.common.TestRunner.provider() throws java.lang.Exception returned a null value
at org.testng.internal.MethodInvocationHelper.invokeDataProvider(MethodInvocationHelper.java:133)
at org.testng.internal.Parameters.handleParameters(Parameters.java:706)
at org.testng.internal.ParameterHandler.handleParameters(ParameterHandler.java:49)
at org.testng.internal.ParameterHandler.createParameters(ParameterHandler.java:37)
at org.testng.internal.Invoker.invokeTestMethods(Invoker.java:924)
at org.testng.internal.TestMethodWorker.invokeTestMethods(TestMethodWorker.java:125)
at org.testng.internal.TestMethodWorker.run(TestMethodWorker.java:109)
at org.testng.TestRunner.privateRun(TestRunner.java:648)
at org.testng.TestRunner.run(TestRunner.java:505)
at org.testng.SuiteRunner.runTest(SuiteRunner.java:455)
at org.testng.SuiteRunner.runSequentially(SuiteRunner.java:450)
at org.testng.SuiteRunner.privateRun(SuiteRunner.java:415)
at org.testng.SuiteRunner.run(SuiteRunner.java:364)
at org.testng.SuiteRunnerWorker.runSuite(SuiteRunnerWorker.java:52)
at org.testng.SuiteRunnerWorker.run(SuiteRunnerWorker.java:84)
at org.testng.TestNG.runSuitesSequentially(TestNG.java:1208)
at org.testng.TestNG.runSuitesLocally(TestNG.java:1137)
at org.testng.TestNG.runSuites(TestNG.java:1049)
at org.testng.TestNG.run(TestNG.java:1017)
at org.testng.remote.AbstractRemoteTestNG.run(AbstractRemoteTestNG.java:115)
at org.testng.remote.RemoteTestNG.initAndRun(RemoteTestNG.java:251)
at org.testng.remote.RemoteTestNG.main(RemoteTestNG.java:77)
]]>
            </full-stacktrace>
          </exception> <!-- org.testng.TestNGException -->
          <reporter-output>
          </reporter-output>
        </test-method> <!-- withoutInjection -->
        <test-method is-config="true" signature="tearDownClass()[pri:0, instance:com.nttd.automation.bdd.common.TestRunner@4387b79e]" started-at="2019-07-01T03:02:58Z" name="tearDownClass" finished-at="2019-07-01T03:02:58Z" duration-ms="1" status="PASS">
          <reporter-output>
          </reporter-output>
        </test-method> <!-- tearDownClass -->
      </class> <!-- com.nttd.automation.bdd.common.TestRunner -->
    </test> <!-- Default test -->
  </suite> <!-- Default suite -->
</testng-results>
